[2014-09-18 11:39:00,867][INFO ][node                     ] [Primevil] version[1.3.2], pid[7296], build[dee175d/2014-08-13T14:29:30Z]
[2014-09-18 11:39:00,868][INFO ][node                     ] [Primevil] initializing ...
[2014-09-18 11:39:00,873][INFO ][plugins                  ] [Primevil] loaded [], sites [head]
[2014-09-18 11:39:03,099][INFO ][node                     ] [Primevil] initialized
[2014-09-18 11:39:03,099][INFO ][node                     ] [Primevil] starting ...
[2014-09-18 11:39:03,220][INFO ][transport                ] [Primevil] bound_address {inet[/0:0:0:0:0:0:0:0:9300]}, publish_address {inet[/10.220.43.70:9300]}
[2014-09-18 11:39:03,329][INFO ][discovery                ] [Primevil] elasticsearch/ZjbrV8NPSymZNIJENt_yRA
[2014-09-18 11:39:06,347][INFO ][cluster.service          ] [Primevil] new_master [Primevil][ZjbrV8NPSymZNIJENt_yRA][SQLI30151][inet[/10.220.43.70:9300]], reason: zen-disco-join (elected_as_master)
[2014-09-18 11:39:06,525][INFO ][http                     ] [Primevil] bound_address {inet[/0:0:0:0:0:0:0:0:9200]}, publish_address {inet[/10.220.43.70:9200]}
[2014-09-18 11:39:06,526][INFO ][node                     ] [Primevil] started
[2014-09-18 11:39:06,968][INFO ][gateway                  ] [Primevil] recovered [2] indices into cluster_state
[2014-09-18 16:03:25,297][INFO ][node                     ] [Primevil] stopping ...
[2014-09-18 16:03:25,429][INFO ][node                     ] [Primevil] stopped
[2014-09-18 16:03:25,430][INFO ][node                     ] [Primevil] closing ...
[2014-09-18 16:03:25,433][INFO ][node                     ] [Primevil] closed
[2014-09-18 16:49:17,849][INFO ][node                     ] [Cessily Kincaid] version[1.3.2], pid[6800], build[dee175d/2014-08-13T14:29:30Z]
[2014-09-18 16:49:17,850][INFO ][node                     ] [Cessily Kincaid] initializing ...
[2014-09-18 16:49:17,855][INFO ][plugins                  ] [Cessily Kincaid] loaded [], sites [head]
[2014-09-18 16:49:19,951][INFO ][node                     ] [Cessily Kincaid] initialized
[2014-09-18 16:49:19,952][INFO ][node                     ] [Cessily Kincaid] starting ...
[2014-09-18 16:49:20,083][INFO ][transport                ] [Cessily Kincaid] bound_address {inet[/0:0:0:0:0:0:0:0:9301]}, publish_address {inet[/10.220.43.70:9301]}
[2014-09-18 16:49:20,199][INFO ][discovery                ] [Cessily Kincaid] elasticsearch/805FSXd9QC-Qb6RrPtvQVQ
[2014-09-18 16:49:23,213][INFO ][cluster.service          ] [Cessily Kincaid] new_master [Cessily Kincaid][805FSXd9QC-Qb6RrPtvQVQ][SQLI30151][inet[/10.220.43.70:9301]], reason: zen-disco-join (elected_as_master)
[2014-09-18 16:49:23,320][INFO ][http                     ] [Cessily Kincaid] bound_address {inet[/0:0:0:0:0:0:0:0:9200]}, publish_address {inet[/10.220.43.70:9200]}
[2014-09-18 16:49:23,321][INFO ][node                     ] [Cessily Kincaid] started
[2014-09-18 16:49:23,748][INFO ][gateway                  ] [Cessily Kincaid] recovered [2] indices into cluster_state
[2014-09-18 16:49:24,765][INFO ][cluster.service          ] [Cessily Kincaid] added {[logstash-SQLI30151-4136-4030][E8-bFeB8QIinq6NIzeLw0Q][SQLI30151][inet[/10.220.43.70:9300]]{client=true, data=false},}, reason: zen-disco-receive(join from node[[logstash-SQLI30151-4136-4030][E8-bFeB8QIinq6NIzeLw0Q][SQLI30151][inet[/10.220.43.70:9300]]{client=true, data=false}])
[2014-09-18 16:49:26,026][INFO ][cluster.metadata         ] [Cessily Kincaid] [logstash-2014.09.18] creating index, cause [auto(bulk api)], shards [5]/[1], mappings [_default_]
[2014-09-18 16:49:26,408][INFO ][cluster.metadata         ] [Cessily Kincaid] [logstash-2014.09.18] update_mapping [app-log] (dynamic)
[2014-09-18 16:49:27,699][INFO ][cluster.metadata         ] [Cessily Kincaid] [logstash-2014.09.18] update_mapping [app-log] (dynamic)
[2014-09-18 17:17:51,462][DEBUG][action.search.type       ] [Cessily Kincaid] [logstash-2014.09.18][4], node[805FSXd9QC-Qb6RrPtvQVQ], [P], s[STARTED]: Failed to execute [org.elasticsearch.action.search.SearchRequest@35383de9] lastShard [true]
org.elasticsearch.search.SearchParseException: [logstash-2014.09.18][4]: from[-1],size[-1]: Parse Failure [Failed to parse source [{"query":{"filtered":{"query":{"bool":{"should":[{"query_string":{"query":"tags:search"}}]}},"filter":{"bool":{"must":[{"range":{"@timestamp":{"from":1410967071450,"to":1411053471450}}},{"exists":{"field":null}}]}}}},"fields":[null,"_id"],"size":1000,"sort":[{"@timestamp":{"order":"desc"}}]}]]
	at org.elasticsearch.search.SearchService.parseSource(SearchService.java:664)
	at org.elasticsearch.search.SearchService.createContext(SearchService.java:515)
	at org.elasticsearch.search.SearchService.createAndPutContext(SearchService.java:487)
	at org.elasticsearch.search.SearchService.executeQueryPhase(SearchService.java:256)
	at org.elasticsearch.search.action.SearchServiceTransportAction$5.call(SearchServiceTransportAction.java:206)
	at org.elasticsearch.search.action.SearchServiceTransportAction$5.call(SearchServiceTransportAction.java:203)
	at org.elasticsearch.search.action.SearchServiceTransportAction$23.run(SearchServiceTransportAction.java:517)
	at java.util.concurrent.ThreadPoolExecutor.runWorker(ThreadPoolExecutor.java:1145)
	at java.util.concurrent.ThreadPoolExecutor$Worker.run(ThreadPoolExecutor.java:615)
	at java.lang.Thread.run(Thread.java:745)
Caused by: org.elasticsearch.index.query.QueryParsingException: [logstash-2014.09.18] exists must be provided with a [field]
	at org.elasticsearch.index.query.ExistsFilterParser.parse(ExistsFilterParser.java:79)
	at org.elasticsearch.index.query.QueryParseContext.executeFilterParser(QueryParseContext.java:290)
	at org.elasticsearch.index.query.QueryParseContext.parseInnerFilter(QueryParseContext.java:271)
	at org.elasticsearch.index.query.BoolFilterParser.parse(BoolFilterParser.java:92)
	at org.elasticsearch.index.query.QueryParseContext.executeFilterParser(QueryParseContext.java:290)
	at org.elasticsearch.index.query.QueryParseContext.parseInnerFilter(QueryParseContext.java:271)
	at org.elasticsearch.index.query.FilteredQueryParser.parse(FilteredQueryParser.java:74)
	at org.elasticsearch.index.query.QueryParseContext.parseInnerQuery(QueryParseContext.java:234)
	at org.elasticsearch.index.query.IndexQueryParserService.innerParse(IndexQueryParserService.java:342)
	at org.elasticsearch.index.query.IndexQueryParserService.parse(IndexQueryParserService.java:268)
	at org.elasticsearch.index.query.IndexQueryParserService.parse(IndexQueryParserService.java:263)
	at org.elasticsearch.search.query.QueryParseElement.parse(QueryParseElement.java:33)
	at org.elasticsearch.search.SearchService.parseSource(SearchService.java:648)
	... 9 more
[2014-09-18 17:17:51,462][DEBUG][action.search.type       ] [Cessily Kincaid] [logstash-2014.09.18][3], node[805FSXd9QC-Qb6RrPtvQVQ], [P], s[STARTED]: Failed to execute [org.elasticsearch.action.search.SearchRequest@35383de9] lastShard [true]
org.elasticsearch.search.SearchParseException: [logstash-2014.09.18][3]: from[-1],size[-1]: Parse Failure [Failed to parse source [{"query":{"filtered":{"query":{"bool":{"should":[{"query_string":{"query":"tags:search"}}]}},"filter":{"bool":{"must":[{"range":{"@timestamp":{"from":1410967071450,"to":1411053471450}}},{"exists":{"field":null}}]}}}},"fields":[null,"_id"],"size":1000,"sort":[{"@timestamp":{"order":"desc"}}]}]]
	at org.elasticsearch.search.SearchService.parseSource(SearchService.java:664)
	at org.elasticsearch.search.SearchService.createContext(SearchService.java:515)
	at org.elasticsearch.search.SearchService.createAndPutContext(SearchService.java:487)
	at org.elasticsearch.search.SearchService.executeQueryPhase(SearchService.java:256)
	at org.elasticsearch.search.action.SearchServiceTransportAction$5.call(SearchServiceTransportAction.java:206)
	at org.elasticsearch.search.action.SearchServiceTransportAction$5.call(SearchServiceTransportAction.java:203)
	at org.elasticsearch.search.action.SearchServiceTransportAction$23.run(SearchServiceTransportAction.java:517)
	at java.util.concurrent.ThreadPoolExecutor.runWorker(ThreadPoolExecutor.java:1145)
	at java.util.concurrent.ThreadPoolExecutor$Worker.run(ThreadPoolExecutor.java:615)
	at java.lang.Thread.run(Thread.java:745)
Caused by: org.elasticsearch.index.query.QueryParsingException: [logstash-2014.09.18] exists must be provided with a [field]
	at org.elasticsearch.index.query.ExistsFilterParser.parse(ExistsFilterParser.java:79)
	at org.elasticsearch.index.query.QueryParseContext.executeFilterParser(QueryParseContext.java:290)
	at org.elasticsearch.index.query.QueryParseContext.parseInnerFilter(QueryParseContext.java:271)
	at org.elasticsearch.index.query.BoolFilterParser.parse(BoolFilterParser.java:92)
	at org.elasticsearch.index.query.QueryParseContext.executeFilterParser(QueryParseContext.java:290)
	at org.elasticsearch.index.query.QueryParseContext.parseInnerFilter(QueryParseContext.java:271)
	at org.elasticsearch.index.query.FilteredQueryParser.parse(FilteredQueryParser.java:74)
	at org.elasticsearch.index.query.QueryParseContext.parseInnerQuery(QueryParseContext.java:234)
	at org.elasticsearch.index.query.IndexQueryParserService.innerParse(IndexQueryParserService.java:342)
	at org.elasticsearch.index.query.IndexQueryParserService.parse(IndexQueryParserService.java:268)
	at org.elasticsearch.index.query.IndexQueryParserService.parse(IndexQueryParserService.java:263)
	at org.elasticsearch.search.query.QueryParseElement.parse(QueryParseElement.java:33)
	at org.elasticsearch.search.SearchService.parseSource(SearchService.java:648)
	... 9 more
[2014-09-18 17:17:51,462][DEBUG][action.search.type       ] [Cessily Kincaid] [logstash-2014.09.18][0], node[805FSXd9QC-Qb6RrPtvQVQ], [P], s[STARTED]: Failed to execute [org.elasticsearch.action.search.SearchRequest@35383de9] lastShard [true]
org.elasticsearch.search.SearchParseException: [logstash-2014.09.18][0]: from[-1],size[-1]: Parse Failure [Failed to parse source [{"query":{"filtered":{"query":{"bool":{"should":[{"query_string":{"query":"tags:search"}}]}},"filter":{"bool":{"must":[{"range":{"@timestamp":{"from":1410967071450,"to":1411053471450}}},{"exists":{"field":null}}]}}}},"fields":[null,"_id"],"size":1000,"sort":[{"@timestamp":{"order":"desc"}}]}]]
	at org.elasticsearch.search.SearchService.parseSource(SearchService.java:664)
	at org.elasticsearch.search.SearchService.createContext(SearchService.java:515)
	at org.elasticsearch.search.SearchService.createAndPutContext(SearchService.java:487)
	at org.elasticsearch.search.SearchService.executeQueryPhase(SearchService.java:256)
	at org.elasticsearch.search.action.SearchServiceTransportAction$5.call(SearchServiceTransportAction.java:206)
	at org.elasticsearch.search.action.SearchServiceTransportAction$5.call(SearchServiceTransportAction.java:203)
	at org.elasticsearch.search.action.SearchServiceTransportAction$23.run(SearchServiceTransportAction.java:517)
	at java.util.concurrent.ThreadPoolExecutor.runWorker(ThreadPoolExecutor.java:1145)
	at java.util.concurrent.ThreadPoolExecutor$Worker.run(ThreadPoolExecutor.java:615)
	at java.lang.Thread.run(Thread.java:745)
Caused by: org.elasticsearch.index.query.QueryParsingException: [logstash-2014.09.18] exists must be provided with a [field]
	at org.elasticsearch.index.query.ExistsFilterParser.parse(ExistsFilterParser.java:79)
	at org.elasticsearch.index.query.QueryParseContext.executeFilterParser(QueryParseContext.java:290)
	at org.elasticsearch.index.query.QueryParseContext.parseInnerFilter(QueryParseContext.java:271)
	at org.elasticsearch.index.query.BoolFilterParser.parse(BoolFilterParser.java:92)
	at org.elasticsearch.index.query.QueryParseContext.executeFilterParser(QueryParseContext.java:290)
	at org.elasticsearch.index.query.QueryParseContext.parseInnerFilter(QueryParseContext.java:271)
	at org.elasticsearch.index.query.FilteredQueryParser.parse(FilteredQueryParser.java:74)
	at org.elasticsearch.index.query.QueryParseContext.parseInnerQuery(QueryParseContext.java:234)
	at org.elasticsearch.index.query.IndexQueryParserService.innerParse(IndexQueryParserService.java:342)
	at org.elasticsearch.index.query.IndexQueryParserService.parse(IndexQueryParserService.java:268)
	at org.elasticsearch.index.query.IndexQueryParserService.parse(IndexQueryParserService.java:263)
	at org.elasticsearch.search.query.QueryParseElement.parse(QueryParseElement.java:33)
	at org.elasticsearch.search.SearchService.parseSource(SearchService.java:648)
	... 9 more
[2014-09-18 17:17:51,462][DEBUG][action.search.type       ] [Cessily Kincaid] [logstash-2014.09.18][2], node[805FSXd9QC-Qb6RrPtvQVQ], [P], s[STARTED]: Failed to execute [org.elasticsearch.action.search.SearchRequest@35383de9]
org.elasticsearch.search.SearchParseException: [logstash-2014.09.18][2]: from[-1],size[-1]: Parse Failure [Failed to parse source [{"query":{"filtered":{"query":{"bool":{"should":[{"query_string":{"query":"tags:search"}}]}},"filter":{"bool":{"must":[{"range":{"@timestamp":{"from":1410967071450,"to":1411053471450}}},{"exists":{"field":null}}]}}}},"fields":[null,"_id"],"size":1000,"sort":[{"@timestamp":{"order":"desc"}}]}]]
	at org.elasticsearch.search.SearchService.parseSource(SearchService.java:664)
	at org.elasticsearch.search.SearchService.createContext(SearchService.java:515)
	at org.elasticsearch.search.SearchService.createAndPutContext(SearchService.java:487)
	at org.elasticsearch.search.SearchService.executeQueryPhase(SearchService.java:256)
	at org.elasticsearch.search.action.SearchServiceTransportAction$5.call(SearchServiceTransportAction.java:206)
	at org.elasticsearch.search.action.SearchServiceTransportAction$5.call(SearchServiceTransportAction.java:203)
	at org.elasticsearch.search.action.SearchServiceTransportAction$23.run(SearchServiceTransportAction.java:517)
	at java.util.concurrent.ThreadPoolExecutor.runWorker(ThreadPoolExecutor.java:1145)
	at java.util.concurrent.ThreadPoolExecutor$Worker.run(ThreadPoolExecutor.java:615)
	at java.lang.Thread.run(Thread.java:745)
Caused by: org.elasticsearch.index.query.QueryParsingException: [logstash-2014.09.18] exists must be provided with a [field]
	at org.elasticsearch.index.query.ExistsFilterParser.parse(ExistsFilterParser.java:79)
	at org.elasticsearch.index.query.QueryParseContext.executeFilterParser(QueryParseContext.java:290)
	at org.elasticsearch.index.query.QueryParseContext.parseInnerFilter(QueryParseContext.java:271)
	at org.elasticsearch.index.query.BoolFilterParser.parse(BoolFilterParser.java:92)
	at org.elasticsearch.index.query.QueryParseContext.executeFilterParser(QueryParseContext.java:290)
	at org.elasticsearch.index.query.QueryParseContext.parseInnerFilter(QueryParseContext.java:271)
	at org.elasticsearch.index.query.FilteredQueryParser.parse(FilteredQueryParser.java:74)
	at org.elasticsearch.index.query.QueryParseContext.parseInnerQuery(QueryParseContext.java:234)
	at org.elasticsearch.index.query.IndexQueryParserService.innerParse(IndexQueryParserService.java:342)
	at org.elasticsearch.index.query.IndexQueryParserService.parse(IndexQueryParserService.java:268)
	at org.elasticsearch.index.query.IndexQueryParserService.parse(IndexQueryParserService.java:263)
	at org.elasticsearch.search.query.QueryParseElement.parse(QueryParseElement.java:33)
	at org.elasticsearch.search.SearchService.parseSource(SearchService.java:648)
	... 9 more
[2014-09-18 17:17:51,462][DEBUG][action.search.type       ] [Cessily Kincaid] [logstash-2014.09.18][1], node[805FSXd9QC-Qb6RrPtvQVQ], [P], s[STARTED]: Failed to execute [org.elasticsearch.action.search.SearchRequest@35383de9] lastShard [true]
org.elasticsearch.search.SearchParseException: [logstash-2014.09.18][1]: from[-1],size[-1]: Parse Failure [Failed to parse source [{"query":{"filtered":{"query":{"bool":{"should":[{"query_string":{"query":"tags:search"}}]}},"filter":{"bool":{"must":[{"range":{"@timestamp":{"from":1410967071450,"to":1411053471450}}},{"exists":{"field":null}}]}}}},"fields":[null,"_id"],"size":1000,"sort":[{"@timestamp":{"order":"desc"}}]}]]
	at org.elasticsearch.search.SearchService.parseSource(SearchService.java:664)
	at org.elasticsearch.search.SearchService.createContext(SearchService.java:515)
	at org.elasticsearch.search.SearchService.createAndPutContext(SearchService.java:487)
	at org.elasticsearch.search.SearchService.executeQueryPhase(SearchService.java:256)
	at org.elasticsearch.search.action.SearchServiceTransportAction$5.call(SearchServiceTransportAction.java:206)
	at org.elasticsearch.search.action.SearchServiceTransportAction$5.call(SearchServiceTransportAction.java:203)
	at org.elasticsearch.search.action.SearchServiceTransportAction$23.run(SearchServiceTransportAction.java:517)
	at java.util.concurrent.ThreadPoolExecutor.runWorker(ThreadPoolExecutor.java:1145)
	at java.util.concurrent.ThreadPoolExecutor$Worker.run(ThreadPoolExecutor.java:615)
	at java.lang.Thread.run(Thread.java:745)
Caused by: org.elasticsearch.index.query.QueryParsingException: [logstash-2014.09.18] exists must be provided with a [field]
	at org.elasticsearch.index.query.ExistsFilterParser.parse(ExistsFilterParser.java:79)
	at org.elasticsearch.index.query.QueryParseContext.executeFilterParser(QueryParseContext.java:290)
	at org.elasticsearch.index.query.QueryParseContext.parseInnerFilter(QueryParseContext.java:271)
	at org.elasticsearch.index.query.BoolFilterParser.parse(BoolFilterParser.java:92)
	at org.elasticsearch.index.query.QueryParseContext.executeFilterParser(QueryParseContext.java:290)
	at org.elasticsearch.index.query.QueryParseContext.parseInnerFilter(QueryParseContext.java:271)
	at org.elasticsearch.index.query.FilteredQueryParser.parse(FilteredQueryParser.java:74)
	at org.elasticsearch.index.query.QueryParseContext.parseInnerQuery(QueryParseContext.java:234)
	at org.elasticsearch.index.query.IndexQueryParserService.innerParse(IndexQueryParserService.java:342)
	at org.elasticsearch.index.query.IndexQueryParserService.parse(IndexQueryParserService.java:268)
	at org.elasticsearch.index.query.IndexQueryParserService.parse(IndexQueryParserService.java:263)
	at org.elasticsearch.search.query.QueryParseElement.parse(QueryParseElement.java:33)
	at org.elasticsearch.search.SearchService.parseSource(SearchService.java:648)
	... 9 more
[2014-09-18 17:17:52,591][DEBUG][action.search.type       ] [Cessily Kincaid] All shards failed for phase: [query]
